<?xml version="1.0" encoding="utf-8" standalone="no"?>
<!--This file represents the results of running a test suite-->
<test-results name="C:\Users\Administrator\Documents\Visual Studio 2013\Projects\UnitTest\UnitTest\bin\Debug\UnitTest.dll" total="4" errors="0" failures="0" not-run="0" inconclusive="0" ignored="0" skipped="0" invalid="0" date="2015-05-21" time="16:15:41">
  <environment nunit-version="2.6.4.14350" clr-version="2.0.50727.5485" os-version="Microsoft Windows NT 6.1.7601 Service Pack 1" platform="Win32NT" cwd="C:\Program Files (x86)\NUnit 2.6.4\bin" machine-name="RD0YVRKN43I7MOG" user="Administrator" user-domain="RD0YVRKN43I7MOG" />
  <culture-info current-culture="th-TH" current-uiculture="en-US" />
  <test-suite type="Assembly" name="C:\Users\Administrator\Documents\Visual Studio 2013\Projects\UnitTest\UnitTest\bin\Debug\UnitTest.dll" executed="True" result="Success" success="True" time="0.624" asserts="0">
    <results>
      <test-suite type="Namespace" name="UnitTest" executed="True" result="Success" success="True" time="0.605" asserts="0">
        <results>
          <test-suite type="Namespace" name="ServiceTest" executed="True" result="Success" success="True" time="0.605" asserts="0">
            <results>
              <test-suite type="TestFixture" name="MemberServiceTest" executed="True" result="Success" success="True" time="0.603" asserts="0">
                <results>
                  <test-case name="UnitTest.ServiceTest.MemberServiceTest.GetAllMemberTest" executed="True" result="Success" success="True" time="0.563" asserts="1" />
                  <test-case name="UnitTest.ServiceTest.MemberServiceTest.GetMemberAverageAgeTest" executed="True" result="Success" success="True" time="0.014" asserts="1" />
                  <test-case name="UnitTest.ServiceTest.MemberServiceTest.GetMemberByIdTest" executed="True" result="Success" success="True" time="0.004" asserts="5" />
                  <test-case name="UnitTest.ServiceTest.MemberServiceTest.GetMemberCountTest" executed="True" result="Success" success="True" time="0.003" asserts="1" />
                </results>
              </test-suite>
            </results>
          </test-suite>
        </results>
      </test-suite>
    </results>
  </test-suite>
</test-results>